C:\CURRENTBUILDS\DOTNETLITSEPT2011\COURSEPROJECTS\CONCURRENCY\NATIVETHREADINGAPI\DEBUG\RUNNINGTIMERSONTHREADPOOLS.EXE
C:\CURRENTBUILDS\DOTNETLITSEPT2011\COURSEPROJECTS\CONCURRENCY\NATIVETHREADINGAPI\DEBUG\RUNNINGTIMERSONTHREADPOOLS.ILK
C:\CURRENTBUILDS\DOTNETLITSEPT2011\COURSEPROJECTS\CONCURRENCY\NATIVETHREADINGAPI\DEBUG\RUNNINGTIMERSONTHREADPOOLS.PDB
C:\CurrentBuilds\DotNetLitSept2011\CourseProjects\Concurrency\NativeThreadingAPI\RunningTimersOnThreadPools\Debug\cl.command.1.tlog
C:\CurrentBuilds\DotNetLitSept2011\CourseProjects\Concurrency\NativeThreadingAPI\RunningTimersOnThreadPools\Debug\CL.read.1.tlog
C:\CurrentBuilds\DotNetLitSept2011\CourseProjects\Concurrency\NativeThreadingAPI\RunningTimersOnThreadPools\Debug\CL.write.1.tlog
C:\CurrentBuilds\DotNetLitSept2011\CourseProjects\Concurrency\NativeThreadingAPI\RunningTimersOnThreadPools\Debug\link.command.1.tlog
C:\CurrentBuilds\DotNetLitSept2011\CourseProjects\Concurrency\NativeThreadingAPI\RunningTimersOnThreadPools\Debug\link.read.1.tlog
C:\CurrentBuilds\DotNetLitSept2011\CourseProjects\Concurrency\NativeThreadingAPI\RunningTimersOnThreadPools\Debug\link.write.1.tlog
C:\CurrentBuilds\DotNetLitSept2011\CourseProjects\Concurrency\NativeThreadingAPI\RunningTimersOnThreadPools\Debug\link-cvtres.read.1.tlog
C:\CurrentBuilds\DotNetLitSept2011\CourseProjects\Concurrency\NativeThreadingAPI\RunningTimersOnThreadPools\Debug\link-cvtres.write.1.tlog
C:\CurrentBuilds\DotNetLitSept2011\CourseProjects\Concurrency\NativeThreadingAPI\RunningTimersOnThreadPools\Debug\mt.command.1.tlog
C:\CurrentBuilds\DotNetLitSept2011\CourseProjects\Concurrency\NativeThreadingAPI\RunningTimersOnThreadPools\Debug\mt.read.1.tlog
C:\CurrentBuilds\DotNetLitSept2011\CourseProjects\Concurrency\NativeThreadingAPI\RunningTimersOnThreadPools\Debug\mt.write.1.tlog
C:\CurrentBuilds\DotNetLitSept2011\CourseProjects\Concurrency\NativeThreadingAPI\RunningTimersOnThreadPools\Debug\rc.command.1.tlog
C:\CurrentBuilds\DotNetLitSept2011\CourseProjects\Concurrency\NativeThreadingAPI\RunningTimersOnThreadPools\Debug\rc.read.1.tlog
C:\CurrentBuilds\DotNetLitSept2011\CourseProjects\Concurrency\NativeThreadingAPI\RunningTimersOnThreadPools\Debug\rc.write.1.tlog
C:\CurrentBuilds\DotNetLitSept2011\CourseProjects\Concurrency\NativeThreadingAPI\RunningTimersOnThreadPools\Debug\RunningTimersOnThreadPools.exe.embed.manifest
C:\CURRENTBUILDS\DOTNETLITSEPT2011\COURSEPROJECTS\CONCURRENCY\NATIVETHREADINGAPI\RUNNINGTIMERSONTHREADPOOLS\DEBUG\RUNNINGTIMERSONTHREADPOOLS.EXE.EMBED.MANIFEST.RES
C:\CURRENTBUILDS\DOTNETLITSEPT2011\COURSEPROJECTS\CONCURRENCY\NATIVETHREADINGAPI\RUNNINGTIMERSONTHREADPOOLS\DEBUG\RUNNINGTIMERSONTHREADPOOLS.EXE.INTERMEDIATE.MANIFEST
C:\CURRENTBUILDS\DOTNETLITSEPT2011\COURSEPROJECTS\CONCURRENCY\NATIVETHREADINGAPI\RUNNINGTIMERSONTHREADPOOLS\DEBUG\RUNNINGTIMERSONTHREADPOOLS.OBJ
C:\CurrentBuilds\DotNetLitSept2011\CourseProjects\Concurrency\NativeThreadingAPI\RunningTimersOnThreadPools\Debug\RunningTimersOnThreadPools_manifest.rc
C:\CURRENTBUILDS\DOTNETLITSEPT2011\COURSEPROJECTS\CONCURRENCY\NATIVETHREADINGAPI\RUNNINGTIMERSONTHREADPOOLS\DEBUG\STDAFX.OBJ
C:\CurrentBuilds\DotNetLitSept2011\CourseProjects\Concurrency\NativeThreadingAPI\RunningTimersOnThreadPools\Debug\vc100.idb
C:\CURRENTBUILDS\DOTNETLITSEPT2011\COURSEPROJECTS\CONCURRENCY\NATIVETHREADINGAPI\RUNNINGTIMERSONTHREADPOOLS\DEBUG\VC100.PDB
C:\CurrentBuilds\DotNetLitSept2011\CourseProjects\Concurrency\NativeThreadingAPI\RunningTimersOnThreadPools\Debug\vc90.idb
C:\CurrentBuilds\DotNetLitSept2011\CourseProjects\Concurrency\NativeThreadingAPI\RunningTimersOnThreadPools\Debug\vc90.pdb
