C:\CurrentBuilds\DotNetLitSept2011\CourseProjects\Concurrency\NativeThreadingAPI\ConcurrencyViaThreadPools\Debug\cl.command.1.tlog
C:\CurrentBuilds\DotNetLitSept2011\CourseProjects\Concurrency\NativeThreadingAPI\ConcurrencyViaThreadPools\Debug\CL.read.1.tlog
C:\CurrentBuilds\DotNetLitSept2011\CourseProjects\Concurrency\NativeThreadingAPI\ConcurrencyViaThreadPools\Debug\CL.write.1.tlog
C:\CurrentBuilds\DotNetLitSept2011\CourseProjects\Concurrency\NativeThreadingAPI\ConcurrencyViaThreadPools\Debug\ConcurrencyViaThreadPools.exe.embed.manifest
C:\CURRENTBUILDS\DOTNETLITSEPT2011\COURSEPROJECTS\CONCURRENCY\NATIVETHREADINGAPI\CONCURRENCYVIATHREADPOOLS\DEBUG\CONCURRENCYVIATHREADPOOLS.EXE.EMBED.MANIFEST.RES
C:\CURRENTBUILDS\DOTNETLITSEPT2011\COURSEPROJECTS\CONCURRENCY\NATIVETHREADINGAPI\CONCURRENCYVIATHREADPOOLS\DEBUG\CONCURRENCYVIATHREADPOOLS.EXE.INTERMEDIATE.MANIFEST
C:\CURRENTBUILDS\DOTNETLITSEPT2011\COURSEPROJECTS\CONCURRENCY\NATIVETHREADINGAPI\CONCURRENCYVIATHREADPOOLS\DEBUG\CONCURRENCYVIATHREADPOOLS.OBJ
C:\CurrentBuilds\DotNetLitSept2011\CourseProjects\Concurrency\NativeThreadingAPI\ConcurrencyViaThreadPools\Debug\ConcurrencyViaThreadPools_manifest.rc
C:\CurrentBuilds\DotNetLitSept2011\CourseProjects\Concurrency\NativeThreadingAPI\ConcurrencyViaThreadPools\Debug\link.command.1.tlog
C:\CurrentBuilds\DotNetLitSept2011\CourseProjects\Concurrency\NativeThreadingAPI\ConcurrencyViaThreadPools\Debug\link.read.1.tlog
C:\CurrentBuilds\DotNetLitSept2011\CourseProjects\Concurrency\NativeThreadingAPI\ConcurrencyViaThreadPools\Debug\link.write.1.tlog
C:\CurrentBuilds\DotNetLitSept2011\CourseProjects\Concurrency\NativeThreadingAPI\ConcurrencyViaThreadPools\Debug\link-cvtres.read.1.tlog
C:\CurrentBuilds\DotNetLitSept2011\CourseProjects\Concurrency\NativeThreadingAPI\ConcurrencyViaThreadPools\Debug\link-cvtres.write.1.tlog
C:\CurrentBuilds\DotNetLitSept2011\CourseProjects\Concurrency\NativeThreadingAPI\ConcurrencyViaThreadPools\Debug\mt.command.1.tlog
C:\CurrentBuilds\DotNetLitSept2011\CourseProjects\Concurrency\NativeThreadingAPI\ConcurrencyViaThreadPools\Debug\mt.read.1.tlog
C:\CurrentBuilds\DotNetLitSept2011\CourseProjects\Concurrency\NativeThreadingAPI\ConcurrencyViaThreadPools\Debug\mt.write.1.tlog
C:\CurrentBuilds\DotNetLitSept2011\CourseProjects\Concurrency\NativeThreadingAPI\ConcurrencyViaThreadPools\Debug\rc.command.1.tlog
C:\CurrentBuilds\DotNetLitSept2011\CourseProjects\Concurrency\NativeThreadingAPI\ConcurrencyViaThreadPools\Debug\rc.read.1.tlog
C:\CurrentBuilds\DotNetLitSept2011\CourseProjects\Concurrency\NativeThreadingAPI\ConcurrencyViaThreadPools\Debug\rc.write.1.tlog
C:\CURRENTBUILDS\DOTNETLITSEPT2011\COURSEPROJECTS\CONCURRENCY\NATIVETHREADINGAPI\CONCURRENCYVIATHREADPOOLS\DEBUG\STDAFX.OBJ
C:\CurrentBuilds\DotNetLitSept2011\CourseProjects\Concurrency\NativeThreadingAPI\ConcurrencyViaThreadPools\Debug\vc100.idb
C:\CURRENTBUILDS\DOTNETLITSEPT2011\COURSEPROJECTS\CONCURRENCY\NATIVETHREADINGAPI\CONCURRENCYVIATHREADPOOLS\DEBUG\VC100.PDB
C:\CurrentBuilds\DotNetLitSept2011\CourseProjects\Concurrency\NativeThreadingAPI\ConcurrencyViaThreadPools\Debug\vc90.idb
C:\CurrentBuilds\DotNetLitSept2011\CourseProjects\Concurrency\NativeThreadingAPI\ConcurrencyViaThreadPools\Debug\vc90.pdb
C:\CURRENTBUILDS\DOTNETLITSEPT2011\COURSEPROJECTS\CONCURRENCY\NATIVETHREADINGAPI\DEBUG\CONCURRENCYVIATHREADPOOLS.EXE
C:\CURRENTBUILDS\DOTNETLITSEPT2011\COURSEPROJECTS\CONCURRENCY\NATIVETHREADINGAPI\DEBUG\CONCURRENCYVIATHREADPOOLS.ILK
C:\CURRENTBUILDS\DOTNETLITSEPT2011\COURSEPROJECTS\CONCURRENCY\NATIVETHREADINGAPI\DEBUG\CONCURRENCYVIATHREADPOOLS.PDB
