C:\CURRENTBUILDS\DOTNETLITSEPT2011\COURSEPROJECTS\CONCURRENCY\NATIVETHREADINGAPI\DEBUG\LISTINGMODULESINTHEPROCESS.EXE
C:\CURRENTBUILDS\DOTNETLITSEPT2011\COURSEPROJECTS\CONCURRENCY\NATIVETHREADINGAPI\DEBUG\LISTINGMODULESINTHEPROCESS.ILK
C:\CURRENTBUILDS\DOTNETLITSEPT2011\COURSEPROJECTS\CONCURRENCY\NATIVETHREADINGAPI\DEBUG\LISTINGMODULESINTHEPROCESS.PDB
C:\CurrentBuilds\DotNetLitSept2011\CourseProjects\Concurrency\NativeThreadingAPI\ListingModulesInTheProcess\Debug\cl.command.1.tlog
C:\CurrentBuilds\DotNetLitSept2011\CourseProjects\Concurrency\NativeThreadingAPI\ListingModulesInTheProcess\Debug\CL.read.1.tlog
C:\CurrentBuilds\DotNetLitSept2011\CourseProjects\Concurrency\NativeThreadingAPI\ListingModulesInTheProcess\Debug\CL.write.1.tlog
C:\CurrentBuilds\DotNetLitSept2011\CourseProjects\Concurrency\NativeThreadingAPI\ListingModulesInTheProcess\Debug\link.command.1.tlog
C:\CurrentBuilds\DotNetLitSept2011\CourseProjects\Concurrency\NativeThreadingAPI\ListingModulesInTheProcess\Debug\link.read.1.tlog
C:\CurrentBuilds\DotNetLitSept2011\CourseProjects\Concurrency\NativeThreadingAPI\ListingModulesInTheProcess\Debug\link.write.1.tlog
C:\CurrentBuilds\DotNetLitSept2011\CourseProjects\Concurrency\NativeThreadingAPI\ListingModulesInTheProcess\Debug\link-cvtres.read.1.tlog
C:\CurrentBuilds\DotNetLitSept2011\CourseProjects\Concurrency\NativeThreadingAPI\ListingModulesInTheProcess\Debug\link-cvtres.write.1.tlog
C:\CurrentBuilds\DotNetLitSept2011\CourseProjects\Concurrency\NativeThreadingAPI\ListingModulesInTheProcess\Debug\ListingModulesInTheProcess.exe.embed.manifest
C:\CURRENTBUILDS\DOTNETLITSEPT2011\COURSEPROJECTS\CONCURRENCY\NATIVETHREADINGAPI\LISTINGMODULESINTHEPROCESS\DEBUG\LISTINGMODULESINTHEPROCESS.EXE.EMBED.MANIFEST.RES
C:\CURRENTBUILDS\DOTNETLITSEPT2011\COURSEPROJECTS\CONCURRENCY\NATIVETHREADINGAPI\LISTINGMODULESINTHEPROCESS\DEBUG\LISTINGMODULESINTHEPROCESS.EXE.INTERMEDIATE.MANIFEST
C:\CURRENTBUILDS\DOTNETLITSEPT2011\COURSEPROJECTS\CONCURRENCY\NATIVETHREADINGAPI\LISTINGMODULESINTHEPROCESS\DEBUG\LISTINGMODULESINTHEPROCESS.OBJ
C:\CurrentBuilds\DotNetLitSept2011\CourseProjects\Concurrency\NativeThreadingAPI\ListingModulesInTheProcess\Debug\ListingModulesInTheProcess_manifest.rc
C:\CurrentBuilds\DotNetLitSept2011\CourseProjects\Concurrency\NativeThreadingAPI\ListingModulesInTheProcess\Debug\mt.command.1.tlog
C:\CurrentBuilds\DotNetLitSept2011\CourseProjects\Concurrency\NativeThreadingAPI\ListingModulesInTheProcess\Debug\mt.read.1.tlog
C:\CurrentBuilds\DotNetLitSept2011\CourseProjects\Concurrency\NativeThreadingAPI\ListingModulesInTheProcess\Debug\mt.write.1.tlog
C:\CurrentBuilds\DotNetLitSept2011\CourseProjects\Concurrency\NativeThreadingAPI\ListingModulesInTheProcess\Debug\rc.command.1.tlog
C:\CurrentBuilds\DotNetLitSept2011\CourseProjects\Concurrency\NativeThreadingAPI\ListingModulesInTheProcess\Debug\rc.read.1.tlog
C:\CurrentBuilds\DotNetLitSept2011\CourseProjects\Concurrency\NativeThreadingAPI\ListingModulesInTheProcess\Debug\rc.write.1.tlog
C:\CURRENTBUILDS\DOTNETLITSEPT2011\COURSEPROJECTS\CONCURRENCY\NATIVETHREADINGAPI\LISTINGMODULESINTHEPROCESS\DEBUG\STDAFX.OBJ
C:\CurrentBuilds\DotNetLitSept2011\CourseProjects\Concurrency\NativeThreadingAPI\ListingModulesInTheProcess\Debug\vc100.idb
C:\CURRENTBUILDS\DOTNETLITSEPT2011\COURSEPROJECTS\CONCURRENCY\NATIVETHREADINGAPI\LISTINGMODULESINTHEPROCESS\DEBUG\VC100.PDB
C:\CurrentBuilds\DotNetLitSept2011\CourseProjects\Concurrency\NativeThreadingAPI\ListingModulesInTheProcess\Debug\vc90.idb
C:\CurrentBuilds\DotNetLitSept2011\CourseProjects\Concurrency\NativeThreadingAPI\ListingModulesInTheProcess\Debug\vc90.pdb
