Build started 13/09/2011 16:33:47.
     1>Project "C:\CurrentBuilds\DotNetLitSept2011\CourseProjects\XML\ModifyingXmlWithDOM_Cpp\ModifyingXmlWithDOM_Cpp.vcxproj" on node 3 (build target(s)).
     1>InitializeBuildStatus:
         Creating "Debug\ModifyingXmlWithDOM_Cpp.unsuccessfulbuild" because "AlwaysCreate" was specified.
       GenerateTargetFrameworkMonikerAttribute:
       Skipping target "GenerateTargetFrameworkMonikerAttribute" because all output files are up-to-date with respect to the input files.
       ClCompile:
         Deleting file "Debug\ModifyingXmlWithDOM_Cpp.pch".
         c:\Program Files (x86)\Microsoft Visual Studio 10.0\VC\bin\CL.exe /c /AI"C:\Program Files (x86)\Reference Assemblies\Microsoft\Framework\.NETFramework\v4.0" /Zi /clr /nologo /W3 /WX- /Od /Oy- /D WIN32 /D _DEBUG /D _UNICODE /D UNICODE /EHa /MDd /GS /fp:precise /Zc:wchar_t /Zc:forScope /Yc"StdAfx.h" /Fp"Debug\ModifyingXmlWithDOM_Cpp.pch" /Fo"Debug\\" /Fd"Debug\vc100.pdb" /TP /FU"C:\Program Files (x86)\Reference Assemblies\Microsoft\Framework\.NETFramework\v4.0\System.Core.dll" /FU"C:\Program Files (x86)\Reference Assemblies\Microsoft\Framework\.NETFramework\v4.0\System.Data.dll" /FU"C:\Program Files (x86)\Reference Assemblies\Microsoft\Framework\.NETFramework\v4.0\System.dll" /FU"C:\Program Files (x86)\Reference Assemblies\Microsoft\Framework\.NETFramework\v4.0\System.Xml.dll" /analyze- /errorReport:prompt stdafx.cpp /clr:nostdlib 
         stdafx.cpp
         c:\Program Files (x86)\Microsoft Visual Studio 10.0\VC\bin\CL.exe /c /AI"C:\Program Files (x86)\Reference Assemblies\Microsoft\Framework\.NETFramework\v4.0" /Zi /clr /nologo /W3 /WX- /Od /Oy- /D WIN32 /D _DEBUG /D _UNICODE /D UNICODE /EHa /MDd /GS /fp:precise /Zc:wchar_t /Zc:forScope /Yu"StdAfx.h" /Fp"Debug\ModifyingXmlWithDOM_Cpp.pch" /Fo"Debug\\" /Fd"Debug\vc100.pdb" /TP /FU"C:\Program Files (x86)\Reference Assemblies\Microsoft\Framework\.NETFramework\v4.0\System.Core.dll" /FU"C:\Program Files (x86)\Reference Assemblies\Microsoft\Framework\.NETFramework\v4.0\System.Data.dll" /FU"C:\Program Files (x86)\Reference Assemblies\Microsoft\Framework\.NETFramework\v4.0\System.dll" /FU"C:\Program Files (x86)\Reference Assemblies\Microsoft\Framework\.NETFramework\v4.0\System.Xml.dll" /analyze- /errorReport:prompt AssemblyInfo.cpp ModifyingXmlWithDOM_Cpp.cpp /clr:nostdlib 
         AssemblyInfo.cpp
         ModifyingXmlWithDOM_Cpp.cpp
         Generating Code...
         c:\Program Files (x86)\Microsoft Visual Studio 10.0\VC\bin\CL.exe /c /Zi /clr /nologo /W3 /WX- /Od /Oy- /D WIN32 /D _DEBUG /D _UNICODE /D UNICODE /EHa /MDd /GS /fp:precise /Zc:wchar_t /Zc:forScope /Fo"Debug\\" /Fd"Debug\vc100.pdb" /TP /analyze- /errorReport:prompt "C:\Users\Garth\AppData\Local\Temp\.NETFramework,Version=v4.0.AssemblyAttributes.cpp"
         .NETFramework,Version=v4.0.AssemblyAttributes.cpp
       ResourceCompile:
         c:\Program Files (x86)\Microsoft SDKs\Windows\v7.0A\bin\rc.exe /D _UNICODE /D UNICODE /l"0x0409" /nologo /fo"Debug\app.res" app.rc 
       Link:
         c:\Program Files (x86)\Microsoft Visual Studio 10.0\VC\bin\link.exe /ERRORREPORT:PROMPT /OUT:"C:\CurrentBuilds\DotNetLitSept2011\CourseProjects\XML\Debug\ModifyingXmlWithDOM_Cpp.exe" /INCREMENTAL /NOLOGO /MANIFEST /ManifestFile:"Debug\ModifyingXmlWithDOM_Cpp.exe.intermediate.manifest" /MANIFESTUAC:"level='asInvoker' uiAccess='false'" /DEBUG /PDB:"C:\CurrentBuilds\DotNetLitSept2011\CourseProjects\XML\Debug\ModifyingXmlWithDOM_Cpp.pdb" /ASSEMBLYDEBUG /TLBID:1 /DYNAMICBASE /FIXED:NO /NXCOMPAT /MACHINE:X86 Debug\app.res
         Debug\AssemblyInfo.obj
         Debug\ModifyingXmlWithDOM_Cpp.obj
         Debug\stdafx.obj
         "Debug\.NETFramework,Version=v4.0.AssemblyAttributes.obj"
         ModifyingXmlWithDOM_Cpp.vcxproj -> C:\CurrentBuilds\DotNetLitSept2011\CourseProjects\XML\Debug\ModifyingXmlWithDOM_Cpp.exe
       Manifest:
         c:\Program Files (x86)\Microsoft SDKs\Windows\v7.0A\bin\mt.exe /nologo /verbose /outputresource:"C:\CurrentBuilds\DotNetLitSept2011\CourseProjects\XML\Debug\ModifyingXmlWithDOM_Cpp.exe;#1" /manifest Debug\ModifyingXmlWithDOM_Cpp.exe.intermediate.manifest
       FinalizeBuildStatus:
         Deleting file "Debug\ModifyingXmlWithDOM_Cpp.unsuccessfulbuild".
         Touching "Debug\ModifyingXmlWithDOM_Cpp.lastbuildstate".
     1>Done Building Project "C:\CurrentBuilds\DotNetLitSept2011\CourseProjects\XML\ModifyingXmlWithDOM_Cpp\ModifyingXmlWithDOM_Cpp.vcxproj" (build target(s)).

Build succeeded.

Time Elapsed 00:00:02.87
