C:\CurrentBuilds\DotNetLitSept2011\CourseProjects\Concurrency\NativeThreadingAPI\CreatingMultipleThreads\Debug\cl.command.1.tlog
C:\CurrentBuilds\DotNetLitSept2011\CourseProjects\Concurrency\NativeThreadingAPI\CreatingMultipleThreads\Debug\CL.read.1.tlog
C:\CurrentBuilds\DotNetLitSept2011\CourseProjects\Concurrency\NativeThreadingAPI\CreatingMultipleThreads\Debug\CL.write.1.tlog
C:\CURRENTBUILDS\DOTNETLITSEPT2011\COURSEPROJECTS\CONCURRENCY\NATIVETHREADINGAPI\CREATINGMULTIPLETHREADS\DEBUG\CREATINGMULTIPLETHREADS.EXE.EMBED.MANIFEST
C:\CURRENTBUILDS\DOTNETLITSEPT2011\COURSEPROJECTS\CONCURRENCY\NATIVETHREADINGAPI\CREATINGMULTIPLETHREADS\DEBUG\CREATINGMULTIPLETHREADS.EXE.EMBED.MANIFEST.RES
C:\CURRENTBUILDS\DOTNETLITSEPT2011\COURSEPROJECTS\CONCURRENCY\NATIVETHREADINGAPI\CREATINGMULTIPLETHREADS\DEBUG\CREATINGMULTIPLETHREADS.EXE.INTERMEDIATE.MANIFEST
C:\CURRENTBUILDS\DOTNETLITSEPT2011\COURSEPROJECTS\CONCURRENCY\NATIVETHREADINGAPI\CREATINGMULTIPLETHREADS\DEBUG\CREATINGMULTIPLETHREADS.OBJ
C:\CurrentBuilds\DotNetLitSept2011\CourseProjects\Concurrency\NativeThreadingAPI\CreatingMultipleThreads\Debug\CreatingMultipleThreads_manifest.rc
C:\CurrentBuilds\DotNetLitSept2011\CourseProjects\Concurrency\NativeThreadingAPI\CreatingMultipleThreads\Debug\link.6392.read.1.tlog
C:\CurrentBuilds\DotNetLitSept2011\CourseProjects\Concurrency\NativeThreadingAPI\CreatingMultipleThreads\Debug\link.6392.write.1.tlog
C:\CurrentBuilds\DotNetLitSept2011\CourseProjects\Concurrency\NativeThreadingAPI\CreatingMultipleThreads\Debug\link.6392-cvtres.read.1.tlog
C:\CurrentBuilds\DotNetLitSept2011\CourseProjects\Concurrency\NativeThreadingAPI\CreatingMultipleThreads\Debug\link.6392-cvtres.write.1.tlog
C:\CurrentBuilds\DotNetLitSept2011\CourseProjects\Concurrency\NativeThreadingAPI\CreatingMultipleThreads\Debug\link.command.1.tlog
C:\CurrentBuilds\DotNetLitSept2011\CourseProjects\Concurrency\NativeThreadingAPI\CreatingMultipleThreads\Debug\link.read.1.tlog
C:\CurrentBuilds\DotNetLitSept2011\CourseProjects\Concurrency\NativeThreadingAPI\CreatingMultipleThreads\Debug\link.write.1.tlog
C:\CurrentBuilds\DotNetLitSept2011\CourseProjects\Concurrency\NativeThreadingAPI\CreatingMultipleThreads\Debug\link-cvtres.read.1.tlog
C:\CurrentBuilds\DotNetLitSept2011\CourseProjects\Concurrency\NativeThreadingAPI\CreatingMultipleThreads\Debug\link-cvtres.write.1.tlog
C:\CurrentBuilds\DotNetLitSept2011\CourseProjects\Concurrency\NativeThreadingAPI\CreatingMultipleThreads\Debug\mt.command.1.tlog
C:\CurrentBuilds\DotNetLitSept2011\CourseProjects\Concurrency\NativeThreadingAPI\CreatingMultipleThreads\Debug\mt.read.1.tlog
C:\CurrentBuilds\DotNetLitSept2011\CourseProjects\Concurrency\NativeThreadingAPI\CreatingMultipleThreads\Debug\mt.write.1.tlog
C:\CurrentBuilds\DotNetLitSept2011\CourseProjects\Concurrency\NativeThreadingAPI\CreatingMultipleThreads\Debug\rc.command.1.tlog
C:\CurrentBuilds\DotNetLitSept2011\CourseProjects\Concurrency\NativeThreadingAPI\CreatingMultipleThreads\Debug\rc.read.1.tlog
C:\CurrentBuilds\DotNetLitSept2011\CourseProjects\Concurrency\NativeThreadingAPI\CreatingMultipleThreads\Debug\rc.write.1.tlog
C:\CURRENTBUILDS\DOTNETLITSEPT2011\COURSEPROJECTS\CONCURRENCY\NATIVETHREADINGAPI\CREATINGMULTIPLETHREADS\DEBUG\STDAFX.OBJ
C:\CurrentBuilds\DotNetLitSept2011\CourseProjects\Concurrency\NativeThreadingAPI\CreatingMultipleThreads\Debug\vc100.idb
C:\CURRENTBUILDS\DOTNETLITSEPT2011\COURSEPROJECTS\CONCURRENCY\NATIVETHREADINGAPI\CREATINGMULTIPLETHREADS\DEBUG\VC100.PDB
C:\CURRENTBUILDS\DOTNETLITSEPT2011\COURSEPROJECTS\CONCURRENCY\NATIVETHREADINGAPI\DEBUG\CREATINGMULTIPLETHREADS.EXE
C:\CURRENTBUILDS\DOTNETLITSEPT2011\COURSEPROJECTS\CONCURRENCY\NATIVETHREADINGAPI\DEBUG\CREATINGMULTIPLETHREADS.ILK
C:\CURRENTBUILDS\DOTNETLITSEPT2011\COURSEPROJECTS\CONCURRENCY\NATIVETHREADINGAPI\DEBUG\CREATINGMULTIPLETHREADS.PDB
