C:\CURRENTBUILDS\DOTNETLITSEPT2011\COURSEPROJECTS\CONCURRENCY\NATIVETHREADINGAPI\DEBUG\USINGCRITICALSECTIONS.EXE
C:\CURRENTBUILDS\DOTNETLITSEPT2011\COURSEPROJECTS\CONCURRENCY\NATIVETHREADINGAPI\DEBUG\USINGCRITICALSECTIONS.ILK
C:\CURRENTBUILDS\DOTNETLITSEPT2011\COURSEPROJECTS\CONCURRENCY\NATIVETHREADINGAPI\DEBUG\USINGCRITICALSECTIONS.PDB
C:\CurrentBuilds\DotNetLitSept2011\CourseProjects\Concurrency\NativeThreadingAPI\UsingCriticalSections\Debug\cl.command.1.tlog
C:\CurrentBuilds\DotNetLitSept2011\CourseProjects\Concurrency\NativeThreadingAPI\UsingCriticalSections\Debug\CL.read.1.tlog
C:\CurrentBuilds\DotNetLitSept2011\CourseProjects\Concurrency\NativeThreadingAPI\UsingCriticalSections\Debug\CL.write.1.tlog
C:\CurrentBuilds\DotNetLitSept2011\CourseProjects\Concurrency\NativeThreadingAPI\UsingCriticalSections\Debug\link.command.1.tlog
C:\CurrentBuilds\DotNetLitSept2011\CourseProjects\Concurrency\NativeThreadingAPI\UsingCriticalSections\Debug\link.read.1.tlog
C:\CurrentBuilds\DotNetLitSept2011\CourseProjects\Concurrency\NativeThreadingAPI\UsingCriticalSections\Debug\link.write.1.tlog
C:\CurrentBuilds\DotNetLitSept2011\CourseProjects\Concurrency\NativeThreadingAPI\UsingCriticalSections\Debug\link-cvtres.read.1.tlog
C:\CurrentBuilds\DotNetLitSept2011\CourseProjects\Concurrency\NativeThreadingAPI\UsingCriticalSections\Debug\link-cvtres.write.1.tlog
C:\CurrentBuilds\DotNetLitSept2011\CourseProjects\Concurrency\NativeThreadingAPI\UsingCriticalSections\Debug\mt.command.1.tlog
C:\CurrentBuilds\DotNetLitSept2011\CourseProjects\Concurrency\NativeThreadingAPI\UsingCriticalSections\Debug\mt.read.1.tlog
C:\CurrentBuilds\DotNetLitSept2011\CourseProjects\Concurrency\NativeThreadingAPI\UsingCriticalSections\Debug\mt.write.1.tlog
C:\CurrentBuilds\DotNetLitSept2011\CourseProjects\Concurrency\NativeThreadingAPI\UsingCriticalSections\Debug\rc.command.1.tlog
C:\CurrentBuilds\DotNetLitSept2011\CourseProjects\Concurrency\NativeThreadingAPI\UsingCriticalSections\Debug\rc.read.1.tlog
C:\CurrentBuilds\DotNetLitSept2011\CourseProjects\Concurrency\NativeThreadingAPI\UsingCriticalSections\Debug\rc.write.1.tlog
C:\CURRENTBUILDS\DOTNETLITSEPT2011\COURSEPROJECTS\CONCURRENCY\NATIVETHREADINGAPI\USINGCRITICALSECTIONS\DEBUG\STDAFX.OBJ
C:\CurrentBuilds\DotNetLitSept2011\CourseProjects\Concurrency\NativeThreadingAPI\UsingCriticalSections\Debug\UsingCriticalSections.exe.embed.manifest
C:\CURRENTBUILDS\DOTNETLITSEPT2011\COURSEPROJECTS\CONCURRENCY\NATIVETHREADINGAPI\USINGCRITICALSECTIONS\DEBUG\USINGCRITICALSECTIONS.EXE.EMBED.MANIFEST.RES
C:\CURRENTBUILDS\DOTNETLITSEPT2011\COURSEPROJECTS\CONCURRENCY\NATIVETHREADINGAPI\USINGCRITICALSECTIONS\DEBUG\USINGCRITICALSECTIONS.EXE.INTERMEDIATE.MANIFEST
C:\CURRENTBUILDS\DOTNETLITSEPT2011\COURSEPROJECTS\CONCURRENCY\NATIVETHREADINGAPI\USINGCRITICALSECTIONS\DEBUG\USINGCRITICALSECTIONS.OBJ
C:\CurrentBuilds\DotNetLitSept2011\CourseProjects\Concurrency\NativeThreadingAPI\UsingCriticalSections\Debug\UsingCriticalSections_manifest.rc
C:\CurrentBuilds\DotNetLitSept2011\CourseProjects\Concurrency\NativeThreadingAPI\UsingCriticalSections\Debug\vc100.idb
C:\CURRENTBUILDS\DOTNETLITSEPT2011\COURSEPROJECTS\CONCURRENCY\NATIVETHREADINGAPI\USINGCRITICALSECTIONS\DEBUG\VC100.PDB
C:\CurrentBuilds\DotNetLitSept2011\CourseProjects\Concurrency\NativeThreadingAPI\UsingCriticalSections\Debug\vc90.idb
C:\CurrentBuilds\DotNetLitSept2011\CourseProjects\Concurrency\NativeThreadingAPI\UsingCriticalSections\Debug\vc90.pdb
